<?xml version="1.0" encoding="UTF-8"?>
<!-- Generated by org.testng.reporters.JUnitReportReporter -->
<testsuite hostname="preetis-MacBook-Pro.local" name="com.supportSearch.support_search.SupportSearchTest2" tests="7" failures="0" timestamp="21 Sep 2018 11:56:35 GMT" time="4.755" errors="0">
  <testcase name="supportArticle" time="0.082" classname="com.supportSearch.support_search.SupportSearchTest2"/>
  <testcase name="filter" time="0.361" classname="com.supportSearch.support_search.SupportSearchTest2"/>
  <testcase name="searchPage" time="0.212" classname="com.supportSearch.support_search.SupportSearchTest2"/>
  <testcase name="thankYouText" time="0.138" classname="com.supportSearch.support_search.SupportSearchTest2"/>
  <testcase name="openPage" time="0.782" classname="com.supportSearch.support_search.SupportSearchTest2"/>
  <testcase name="iphoneBatteryText" time="0.111" classname="com.supportSearch.support_search.SupportSearchTest2"/>
  <testcase name="clickYesBtn" time="3.069" classname="com.supportSearch.support_search.SupportSearchTest2"/>
</testsuite> <!-- com.supportSearch.support_search.SupportSearchTest2 -->
