<?xml version="1.0" encoding="UTF-8"?>
<!-- Generated by org.testng.reporters.JUnitReportReporter -->
<testsuite hostname="preetis-MacBook-Pro.local" name="com.supportSearch.support_search.supportSearch" tests="7" failures="0" timestamp="21 Sep 2018 10:56:37 GMT" time="4.996" errors="0">
  <testcase name="thankYouText" time="0.052" classname="com.supportSearch.support_search.supportSearch"/>
  <testcase name="filter" time="0.424" classname="com.supportSearch.support_search.supportSearch"/>
  <testcase name="search" time="0.308" classname="com.supportSearch.support_search.supportSearch"/>
  <testcase name="supportArticle" time="0.068" classname="com.supportSearch.support_search.supportSearch"/>
  <testcase name="iphoneBatteryText" time="0.176" classname="com.supportSearch.support_search.supportSearch"/>
  <testcase name="clickYesBtn" time="3.300" classname="com.supportSearch.support_search.supportSearch"/>
  <testcase name="openPage" time="0.668" classname="com.supportSearch.support_search.supportSearch"/>
</testsuite> <!-- com.supportSearch.support_search.supportSearch -->
