<?xml version="1.0" encoding="UTF-8"?>
<!-- Generated by org.testng.reporters.JUnitReportReporter -->
<testsuite hostname="preetis-MacBook-Pro.local" name="com.supportSearch.support_search.SupportSearchTest" tests="7" failures="0" timestamp="21 Sep 2018 12:17:53 GMT" time="5.310" errors="0">
  <testcase name="searchPage" time="0.630" classname="com.supportSearch.support_search.SupportSearchTest"/>
  <testcase name="filter" time="0.448" classname="com.supportSearch.support_search.SupportSearchTest"/>
  <testcase name="iphoneBatteryText" time="0.228" classname="com.supportSearch.support_search.SupportSearchTest"/>
  <testcase name="supportArticle" time="0.131" classname="com.supportSearch.support_search.SupportSearchTest"/>
  <testcase name="thankYouText" time="0.049" classname="com.supportSearch.support_search.SupportSearchTest"/>
  <testcase name="openPage" time="0.777" classname="com.supportSearch.support_search.SupportSearchTest"/>
  <testcase name="clickYesBtn" time="3.047" classname="com.supportSearch.support_search.SupportSearchTest"/>
</testsuite> <!-- com.supportSearch.support_search.SupportSearchTest -->
