<?xml version="1.0" encoding="UTF-8"?>
<!-- Generated by org.testng.reporters.JUnitReportReporter -->
<testsuite hostname="preetis-MacBook-Pro.local" name="com.supportSearch.support_searchWithoutPageObject.SupportSearchTest" tests="7" failures="0" timestamp="21 Sep 2018 12:17:53 GMT" time="5.297" errors="0">
  <testcase name="iphoneBatteryText" time="0.041" classname="com.supportSearch.support_searchWithoutPageObject.SupportSearchTest"/>
  <testcase name="search" time="0.376" classname="com.supportSearch.support_searchWithoutPageObject.SupportSearchTest"/>
  <testcase name="thankYouText" time="0.058" classname="com.supportSearch.support_searchWithoutPageObject.SupportSearchTest"/>
  <testcase name="openPage" time="1.157" classname="com.supportSearch.support_searchWithoutPageObject.SupportSearchTest"/>
  <testcase name="clickYesBtn" time="3.200" classname="com.supportSearch.support_searchWithoutPageObject.SupportSearchTest"/>
  <testcase name="filter" time="0.402" classname="com.supportSearch.support_searchWithoutPageObject.SupportSearchTest"/>
  <testcase name="supportArticle" time="0.063" classname="com.supportSearch.support_searchWithoutPageObject.SupportSearchTest"/>
</testsuite> <!-- com.supportSearch.support_searchWithoutPageObject.SupportSearchTest -->
